{ nsp: 
   { name: '/',
     server: 
      { nsps: [Object],
        _path: '/socket.io',
        _serveClient: true,
        _adapter: [Function: Adapter],
        _origins: '*:*',
        sockets: [Circular],
        eio: [Object],
        httpServer: [Object],
        engine: [Object] },
     sockets: [ [Circular] ],
     connected: { PA1pAxO6MlKHn_GUAAAA: [Circular] },
     fns: [],
     ids: 0,
     acks: {},
     adapter: { nsp: [Circular], rooms: [Object], sids: [Object], encoder: {} },
     _events: { connection: [Function] } },
  server: 
   { nsps: { '/': [Object] },
     _path: '/socket.io',
     _serveClient: true,
     _adapter: [Function: Adapter],
     _origins: '*:*',
     sockets: 
      { name: '/',
        server: [Circular],
        sockets: [Object],
        connected: [Object],
        fns: [],
        ids: 0,
        acks: {},
        adapter: [Object],
        _events: [Object] },
     eio: 
      { clients: [Object],
        clientsCount: 1,
        pingTimeout: 60000,
        pingInterval: 25000,
        upgradeTimeout: 10000,
        maxHttpBufferSize: 100000000,
        transports: [Object],
        allowUpgrades: true,
        allowRequest: [Function],
        cookie: 'io',
        ws: [Object],
        _events: [Object] },
     httpServer: 
      { domain: null,
        _events: [Object],
        _maxListeners: undefined,
        _connections: 1,
        _handle: [Object],
        _usingSlaves: false,
        _slaves: [],
        allowHalfOpen: true,
        pauseOnConnect: false,
        httpAllowHalfOpen: false,
        timeout: 120000,
        _connectionKey: '4:192.168.56.101:3000' },
     engine: 
      { clients: [Object],
        clientsCount: 1,
        pingTimeout: 60000,
        pingInterval: 25000,
        upgradeTimeout: 10000,
        maxHttpBufferSize: 100000000,
        transports: [Object],
        allowUpgrades: true,
        allowRequest: [Function],
        cookie: 'io',
        ws: [Object],
        _events: [Object] } },
  adapter: 
   { nsp: 
      { name: '/',
        server: [Object],
        sockets: [Object],
        connected: [Object],
        fns: [],
        ids: 0,
        acks: {},
        adapter: [Circular],
        _events: [Object] },
     rooms: { PA1pAxO6MlKHn_GUAAAA: [Object] },
     sids: { PA1pAxO6MlKHn_GUAAAA: [Object] },
     encoder: {} },
  id: 'PA1pAxO6MlKHn_GUAAAA',
  client: 
   { server: 
      { nsps: [Object],
        _path: '/socket.io',
        _serveClient: true,
        _adapter: [Function: Adapter],
        _origins: '*:*',
        sockets: [Object],
        eio: [Object],
        httpServer: [Object],
        engine: [Object] },
     conn: 
      { id: 'PA1pAxO6MlKHn_GUAAAA',
        server: [Object],
        upgraded: false,
        readyState: 'open',
        writeBuffer: [Object],
        packetsFn: [Object],
        sentCallbackFn: [],
        request: [Object],
        remoteAddress: '192.168.56.1',
        checkIntervalTimer: null,
        upgradeTimeoutTimer: null,
        pingTimeoutTimer: [Object],
        transport: [Object],
        _events: [Object] },
     encoder: {},
     decoder: { reconstructor: null, _callbacks: [Object] },
     id: 'PA1pAxO6MlKHn_GUAAAA',
     request: 
      { _readableState: [Object],
        readable: true,
        domain: null,
        _events: {},
        _maxListeners: undefined,
        socket: [Object],
        connection: [Object],
        httpVersionMajor: 1,
        httpVersionMinor: 1,
        httpVersion: '1.1',
        complete: true,
        headers: [Object],
        rawHeaders: [Object],
        trailers: {},
        rawTrailers: [],
        _pendings: [],
        _pendingIndex: 0,
        upgrade: false,
        url: '/socket.io/?id_user=17&EIO=3&transport=polling&t=1435163643819-152',
        method: 'GET',
        statusCode: null,
        statusMessage: null,
        client: [Object],
        _consuming: true,
        _dumped: true,
        _query: [Object],
        res: [Object],
        cleanup: [Function: cleanup],
        read: [Function] },
     onclose: [Function],
     ondata: [Function],
     onerror: [Function],
     ondecoded: [Function],
     sockets: [ [Circular] ],
     nsps: { '/': [Circular] },
     connectBuffer: [] },
  conn: 
   { id: 'PA1pAxO6MlKHn_GUAAAA',
     server: 
      { clients: [Object],
        clientsCount: 1,
        pingTimeout: 60000,
        pingInterval: 25000,
        upgradeTimeout: 10000,
        maxHttpBufferSize: 100000000,
        transports: [Object],
        allowUpgrades: true,
        allowRequest: [Function],
        cookie: 'io',
        ws: [Object],
        _events: [Object] },
     upgraded: false,
     readyState: 'open',
     writeBuffer: [ [Object] ],
     packetsFn: [ undefined ],
     sentCallbackFn: [],
     request: 
      { _readableState: [Object],
        readable: true,
        domain: null,
        _events: {},
        _maxListeners: undefined,
        socket: [Object],
        connection: [Object],
        httpVersionMajor: 1,
        httpVersionMinor: 1,
        httpVersion: '1.1',
        complete: true,
        headers: [Object],
        rawHeaders: [Object],
        trailers: {},
        rawTrailers: [],
        _pendings: [],
        _pendingIndex: 0,
        upgrade: false,
        url: '/socket.io/?id_user=17&EIO=3&transport=polling&t=1435163643819-152',
        method: 'GET',
        statusCode: null,
        statusMessage: null,
        client: [Object],
        _consuming: true,
        _dumped: true,
        _query: [Object],
        res: [Object],
        cleanup: [Function: cleanup],
        read: [Function] },
     remoteAddress: '192.168.56.1',
     checkIntervalTimer: null,
     upgradeTimeoutTimer: null,
     pingTimeoutTimer: 
      { _idleTimeout: 85000,
        _idlePrev: [Object],
        _idleNext: [Object],
        _idleStart: 66212266,
        _onTimeout: [Function],
        _repeat: false },
     transport: 
      { readyState: 'opening',
        maxHttpBufferSize: 100000000,
        supportsBinary: true,
        _events: [Object],
        sid: 'PA1pAxO6MlKHn_GUAAAA',
        req: null,
        res: null,
        writable: false },
     _events: { close: [Object], data: [Function], error: [Function] } },
  rooms: [],
  acks: {},
  connected: true,
  disconnected: false,
  handshake: 
   { headers: 
      { host: 'creativer.by.my:3000',
        connection: 'keep-alive',
        origin: 'http://creativer.by.my',
        'user-agent': 'Mozilla/5.0 (Windows NT 6.1; WOW64) AppleWebKit/537.36 (KHTML, like Gecko) Chrome/43.0.2357.130 Safari/537.36',
        accept: '*/*',
        referer: 'http://creativer.by.my/app_dev.php/',
        'accept-encoding': 'gzip, deflate, sdch',
        'accept-language': 'ru-RU,ru;q=0.8,en-US;q=0.6,en;q=0.4',
        cookie: 'io=MGuI615_e-V-mNvbAAAA; PHPSESSID=h02l8eoq0soq3fk8g9aks5m1r0; REMEMBERME=Q3JlYXRpdmVyXEZyb250QnVuZGxlXEVudGl0eVxVc2VyOjBKTFJqOUdIMExYUmdkQzcwTERRc2c9PToxNDY2Njk2MTk0OmEwNzI0ZDdhYjgwZjE0NDM5ZTBlMDM5Njg3NmJlOTEzZmUzYjhkOTY4M2JlZDhmOThjMjkzNTVhN2IzNjMzNTY%3D' },
     time: 'Wed Jun 24 2015 16:34:09 GMT+0000 (UTC)',
     address: '192.168.56.1',
     xdomain: true,
     secure: false,
     issued: 1435163649941,
     url: '/socket.io/?id_user=17&EIO=3&transport=polling&t=1435163643819-152',
     query: 
      { id_user: '17',
        EIO: '3',
        transport: 'polling',
        t: '1435163643819-152' } } }
user connected 1
{ nsp: 
   { name: '/',
     server: 
      { nsps: [Object],
        _path: '/socket.io',
        _serveClient: true,
        _adapter: [Function: Adapter],
        _origins: '*:*',
        sockets: [Circular],
        eio: [Object],
        httpServer: [Object],
        engine: [Object] },
     sockets: [ [Object], [Circular] ],
     connected: 
      { PA1pAxO6MlKHn_GUAAAA: [Object],
        Bn4DQtVSoxE0LXUAAAAB: [Circular] },
     fns: [],
     ids: 0,
     acks: {},
     adapter: { nsp: [Circular], rooms: [Object], sids: [Object], encoder: {} },
     _events: { connection: [Function] } },
  server: 
   { nsps: { '/': [Object] },
     _path: '/socket.io',
     _serveClient: true,
     _adapter: [Function: Adapter],
     _origins: '*:*',
     sockets: 
      { name: '/',
        server: [Circular],
        sockets: [Object],
        connected: [Object],
        fns: [],
        ids: 0,
        acks: {},
        adapter: [Object],
        _events: [Object] },
     eio: 
      { clients: [Object],
        clientsCount: 2,
        pingTimeout: 60000,
        pingInterval: 25000,
        upgradeTimeout: 10000,
        maxHttpBufferSize: 100000000,
        transports: [Object],
        allowUpgrades: true,
        allowRequest: [Function],
        cookie: 'io',
        ws: [Object],
        _events: [Object] },
     httpServer: 
      { domain: null,
        _events: [Object],
        _maxListeners: undefined,
        _connections: 3,
        _handle: [Object],
        _usingSlaves: false,
        _slaves: [],
        allowHalfOpen: true,
        pauseOnConnect: false,
        httpAllowHalfOpen: false,
        timeout: 120000,
        _connectionKey: '4:192.168.56.101:3000' },
     engine: 
      { clients: [Object],
        clientsCount: 2,
        pingTimeout: 60000,
        pingInterval: 25000,
        upgradeTimeout: 10000,
        maxHttpBufferSize: 100000000,
        transports: [Object],
        allowUpgrades: true,
        allowRequest: [Function],
        cookie: 'io',
        ws: [Object],
        _events: [Object] } },
  adapter: 
   { nsp: 
      { name: '/',
        server: [Object],
        sockets: [Object],
        connected: [Object],
        fns: [],
        ids: 0,
        acks: {},
        adapter: [Circular],
        _events: [Object] },
     rooms: 
      { PA1pAxO6MlKHn_GUAAAA: [Object],
        Bn4DQtVSoxE0LXUAAAAB: [Object] },
     sids: 
      { PA1pAxO6MlKHn_GUAAAA: [Object],
        Bn4DQtVSoxE0LXUAAAAB: [Object] },
     encoder: {} },
  id: 'Bn4DQtVSoxE0LXUAAAAB',
  client: 
   { server: 
      { nsps: [Object],
        _path: '/socket.io',
        _serveClient: true,
        _adapter: [Function: Adapter],
        _origins: '*:*',
        sockets: [Object],
        eio: [Object],
        httpServer: [Object],
        engine: [Object] },
     conn: 
      { id: 'Bn4DQtVSoxE0LXUAAAAB',
        server: [Object],
        upgraded: false,
        readyState: 'open',
        writeBuffer: [Object],
        packetsFn: [Object],
        sentCallbackFn: [],
        request: [Object],
        remoteAddress: '192.168.56.1',
        checkIntervalTimer: null,
        upgradeTimeoutTimer: null,
        pingTimeoutTimer: [Object],
        transport: [Object],
        _events: [Object] },
     encoder: {},
     decoder: { reconstructor: null, _callbacks: [Object] },
     id: 'Bn4DQtVSoxE0LXUAAAAB',
     request: 
      { _readableState: [Object],
        readable: true,
        domain: null,
        _events: {},
        _maxListeners: undefined,
        socket: [Object],
        connection: [Object],
        httpVersionMajor: 1,
        httpVersionMinor: 1,
        httpVersion: '1.1',
        complete: true,
        headers: [Object],
        rawHeaders: [Object],
        trailers: {},
        rawTrailers: [],
        _pendings: [],
        _pendingIndex: 0,
        upgrade: false,
        url: '/socket.io/?id_user=18&EIO=3&transport=polling&t=1435163644437-323',
        method: 'GET',
        statusCode: null,
        statusMessage: null,
        client: [Object],
        _consuming: true,
        _dumped: true,
        _query: [Object],
        res: [Object],
        cleanup: [Function: cleanup],
        read: [Function] },
     onclose: [Function],
     ondata: [Function],
     onerror: [Function],
     ondecoded: [Function],
     sockets: [ [Circular] ],
     nsps: { '/': [Circular] },
     connectBuffer: [] },
  conn: 
   { id: 'Bn4DQtVSoxE0LXUAAAAB',
     server: 
      { clients: [Object],
        clientsCount: 2,
        pingTimeout: 60000,
        pingInterval: 25000,
        upgradeTimeout: 10000,
        maxHttpBufferSize: 100000000,
        transports: [Object],
        allowUpgrades: true,
        allowRequest: [Function],
        cookie: 'io',
        ws: [Object],
        _events: [Object] },
     upgraded: false,
     readyState: 'open',
     writeBuffer: [ [Object] ],
     packetsFn: [ undefined ],
     sentCallbackFn: [],
     request: 
      { _readableState: [Object],
        readable: true,
        domain: null,
        _events: {},
        _maxListeners: undefined,
        socket: [Object],
        connection: [Object],
        httpVersionMajor: 1,
        httpVersionMinor: 1,
        httpVersion: '1.1',
        complete: true,
        headers: [Object],
        rawHeaders: [Object],
        trailers: {},
        rawTrailers: [],
        _pendings: [],
        _pendingIndex: 0,
        upgrade: false,
        url: '/socket.io/?id_user=18&EIO=3&transport=polling&t=1435163644437-323',
        method: 'GET',
        statusCode: null,
        statusMessage: null,
        client: [Object],
        _consuming: true,
        _dumped: true,
        _query: [Object],
        res: [Object],
        cleanup: [Function: cleanup],
        read: [Function] },
     remoteAddress: '192.168.56.1',
     checkIntervalTimer: null,
     upgradeTimeoutTimer: null,
     pingTimeoutTimer: 
      { _idleTimeout: 85000,
        _idlePrev: [Object],
        _idleNext: [Object],
        _idleStart: 66212872,
        _onTimeout: [Function],
        _repeat: false },
     transport: 
      { readyState: 'opening',
        maxHttpBufferSize: 100000000,
        supportsBinary: true,
        _events: [Object],
        sid: 'Bn4DQtVSoxE0LXUAAAAB',
        req: null,
        res: null,
        writable: false },
     _events: { close: [Object], data: [Function], error: [Function] } },
  rooms: [],
  acks: {},
  connected: true,
  disconnected: false,
  handshake: 
   { headers: 
      { host: 'creativer.by.my:3000',
        connection: 'keep-alive',
        'user-agent': 'Mozilla/5.0 (Windows NT 6.1; WOW64) AppleWebKit/537.36 (KHTML, like Gecko) Chrome/43.0.2357.81 Safari/537.36 OPR/30.0.1835.59',
        origin: 'http://creativer.by.my',
        accept: '*/*',
        referer: 'http://creativer.by.my/app_dev.php/',
        'accept-encoding': 'gzip, deflate, lzma, sdch',
        'accept-language': 'ru-RU,ru;q=0.8,en-US;q=0.6,en;q=0.4',
        cookie: 'io=x_7p1sm_i-yDf788AAAB; PHPSESSID=jhgpr93fheg5gmtqo4se9h26n0; REMEMBERME=Q3JlYXRpdmVyXEZyb250QnVuZGxlXEVudGl0eVxVc2VyOjBKVFF1TkM4MExBPToxNDY2Njk2Mjg3OmVkOWEyYmUzNjY4ZDMzNzczMzQyOGQyZGY2NGQ3N2M3ZTc4ZDIyM2ZkZDA2ZDRmYWY5YjdiNDZmMmMzMDYwMmQ%3D' },
     time: 'Wed Jun 24 2015 16:34:10 GMT+0000 (UTC)',
     address: '192.168.56.1',
     xdomain: true,
     secure: false,
     issued: 1435163650537,
     url: '/socket.io/?id_user=18&EIO=3&transport=polling&t=1435163644437-323',
     query: 
      { id_user: '18',
        EIO: '3',
        transport: 'polling',
        t: '1435163644437-323' } } }
user connected 1
